c:\users\mrost\source\repos\laba_ppp_4-master\laba_ppp_4\x64\debug\vc143.pdb
c:\users\mrost\source\repos\laba_ppp_4-master\laba_ppp_4\x64\debug\.netframework,version=v4.8.assemblyattributes.obj
c:\users\mrost\source\repos\laba_ppp_4-master\laba_ppp_4\x64\debug\mainwindow.obj
c:\users\mrost\source\repos\laba_ppp_4-master\laba_ppp_4\x64\debug\main.obj
c:\users\mrost\source\repos\laba_ppp_4-master\laba_ppp_4\x64\debug\connectwindow.obj
c:\users\mrost\source\repos\laba_ppp_4-master\x64\debug\microsoft.msxml.dll
c:\users\mrost\source\repos\laba_ppp_4-master\x64\debug\microsoft.visualstudio.interop.dll
c:\users\mrost\source\repos\laba_ppp_4-master\x64\debug\microsoft.visualstudio.imaging.interop.14.0.designtime.dll
c:\users\mrost\source\repos\laba_ppp_4-master\x64\debug\laba_ppp_4.exe
c:\users\mrost\source\repos\laba_ppp_4-master\x64\debug\laba_ppp_4.pdb
c:\users\mrost\source\repos\laba_ppp_4-master\laba_ppp_4\x64\debug\laba_ppp_4.tlog\cl.command.1.tlog
c:\users\mrost\source\repos\laba_ppp_4-master\laba_ppp_4\x64\debug\laba_ppp_4.tlog\cl.items.tlog
c:\users\mrost\source\repos\laba_ppp_4-master\laba_ppp_4\x64\debug\laba_ppp_4.tlog\cl.read.1.tlog
c:\users\mrost\source\repos\laba_ppp_4-master\laba_ppp_4\x64\debug\laba_ppp_4.tlog\cl.write.1.tlog
c:\users\mrost\source\repos\laba_ppp_4-master\laba_ppp_4\x64\debug\laba_ppp_4.tlog\copylocal.read.1u.tlog
c:\users\mrost\source\repos\laba_ppp_4-master\laba_ppp_4\x64\debug\laba_ppp_4.tlog\copylocal.write.1u.tlog
c:\users\mrost\source\repos\laba_ppp_4-master\laba_ppp_4\x64\debug\laba_ppp_4.tlog\link.command.1.tlog
c:\users\mrost\source\repos\laba_ppp_4-master\laba_ppp_4\x64\debug\laba_ppp_4.tlog\link.read.1.tlog
c:\users\mrost\source\repos\laba_ppp_4-master\laba_ppp_4\x64\debug\laba_ppp_4.tlog\link.secondary.1.tlog
c:\users\mrost\source\repos\laba_ppp_4-master\laba_ppp_4\x64\debug\laba_ppp_4.tlog\link.write.1.tlog
c:\users\mrost\source\repos\laba_ppp_4-master\laba_ppp_4\x64\debug\laba_ppp_4.tlog\metagen.read.1.tlog
c:\users\mrost\source\repos\laba_ppp_4-master\laba_ppp_4\x64\debug\laba_ppp_4.tlog\metagen.write.1.tlog
c:\users\mrost\source\repos\laba_ppp_4-master\laba_ppp_4\x64\debug\laba_ppp_4.tlog\resgen.command.1.tlog
c:\users\mrost\source\repos\laba_ppp_4-master\laba_ppp_4\x64\debug\laba_ppp_4.tlog\resgen.read.1.tlog
c:\users\mrost\source\repos\laba_ppp_4-master\laba_ppp_4\x64\debug\laba_ppp_4.tlog\resgen.write.1.tlog
